.history/Frontend/build/app/intermediates/manifest_merge_blame_file/debug/manifest-merger-blame-debug-report_20221221105736.txt
1<?xml version="1.0" encoding="utf-8"?>
2<manifest xmlns:android="http://schemas.android.com/apk/res/android"
3    package="com.teamparticles.pasell"
4    android:versionCode="1"
5    android:versionName="1.0.0" >
6
7    <uses-sdk
8        android:minSdkVersion="23"
9        android:targetSdkVersion="31" />
10    <!--
11         Flutter needs it to communicate with the running application
12         to allow setting breakpoints, to provide hot reload, etc.
13    -->
14    <uses-permission android:name="android.permission.INTERNET" />
14-->src\main\AndroidManifest.xml:3:5-66
14-->src\main\AndroidManifest.xml:3:22-64
15    <uses-permission android:name="android.permission.ACCESS_FINE_LOCATION" />
15-->src\main\AndroidManifest.xml:4:5-79
15-->src\main\AndroidManifest.xml:4:22-76
16
17    <queries>
17-->src\main\AndroidManifest.xml:5:5-9:15
18        <intent>
18-->src\main\AndroidManifest.xml:6:9-8:18
19            <action android:name="android.media.action.IMAGE_CAPTURE" />
19-->src\main\AndroidManifest.xml:7:13-73
19-->src\main\AndroidManifest.xml:7:21-70
20        </intent>
21
22        <package android:name="com.google.android.wearable.app" />
22-->[:watch_connectivity] AndroidManifest.xml:8:9-67
22-->[:watch_connectivity] AndroidManifest.xml:8:18-64
23        <package android:name="com.samsung.android.app.watchmanager" /> <!-- Added to check the default browser that will host the AuthFlow. -->
23-->[:watch_connectivity] AndroidManifest.xml:9:9-72
23-->[:watch_connectivity] AndroidManifest.xml:9:18-69
24        <intent>
24-->[com.stripe:financial-connections:20.4.0] AndroidManifest.xml:15:9-19:18
25            <action android:name="android.intent.action.VIEW" />
25-->[com.stripe:financial-connections:20.4.0] AndroidManifest.xml:16:13-65
25-->[com.stripe:financial-connections:20.4.0] AndroidManifest.xml:16:21-62
26
27            <data android:scheme="http" />
27-->[com.stripe:financial-connections:20.4.0] AndroidManifest.xml:18:13-43
27-->[com.stripe:financial-connections:20.4.0] AndroidManifest.xml:18:19-40
28        </intent> <!-- Added to check if Chrome is installed for browser-based payment authentication (e.g. 3DS1). -->
29        <package android:name="com.android.chrome" /> <!-- Needs to be explicitly declared on Android R+ -->
29-->[com.stripe:payments-core:20.4.0] AndroidManifest.xml:13:9-54
29-->[com.stripe:payments-core:20.4.0] AndroidManifest.xml:13:18-51
30        <package android:name="com.google.android.apps.maps" />
30-->[com.google.android.gms:play-services-maps:18.1.0] AndroidManifest.xml:33:9-64
30-->[com.google.android.gms:play-services-maps:18.1.0] AndroidManifest.xml:33:18-61
31    </queries>
32
33    <uses-permission android:name="android.hardware.sensor.proximity" />
33-->[:proximity_sensor] AndroidManifest.xml:7:5-73
33-->[:proximity_sensor] AndroidManifest.xml:7:22-70
34    <uses-permission android:name="android.permission.BODY_SENSORS_BACKGROUND" />
34-->[:proximity_sensor] AndroidManifest.xml:8:5-82
34-->[:proximity_sensor] AndroidManifest.xml:8:22-79
35    <uses-permission android:name="android.permission.ACTIVITY_RECOGNITION" />
35-->[:proximity_sensor] AndroidManifest.xml:9:5-79
35-->[:proximity_sensor] AndroidManifest.xml:9:22-76
36    <uses-permission android:name="android.permission.RECEIVE_BOOT_COMPLETED" />
36-->[:awesome_notifications] AndroidManifest.xml:7:5-81
36-->[:awesome_notifications] AndroidManifest.xml:7:22-78
37    <uses-permission android:name="android.permission.VIBRATE" />
37-->[:awesome_notifications] AndroidManifest.xml:8:5-66
37-->[:awesome_notifications] AndroidManifest.xml:8:22-63
38    <uses-permission android:name="android.permission.USE_FULL_SCREEN_INTENT" />
38-->[:flutter_local_notifications] AndroidManifest.xml:9:5-81
38-->[:flutter_local_notifications] AndroidManifest.xml:9:22-78
39    <uses-permission android:name="android.permission.SCHEDULE_EXACT_ALARM" />
39-->[:flutter_local_notifications] AndroidManifest.xml:10:5-79
39-->[:flutter_local_notifications] AndroidManifest.xml:10:22-76
40    <uses-permission android:name="android.permission.POST_NOTIFICATIONS" /> <!-- Flags the app as a Wear app -->
40-->[:flutter_local_notifications] AndroidManifest.xml:11:5-77
40-->[:flutter_local_notifications] AndroidManifest.xml:11:22-74
41    <uses-feature android:name="android.hardware.type.watch" /> <!-- Required for ambient mode support -->
41-->[:wear] AndroidManifest.xml:8:5-64
41-->[:wear] AndroidManifest.xml:8:19-61
42    <uses-permission android:name="android.permission.WAKE_LOCK" /> <!-- Include required permissions for Google Maps API to run. -->
42-->[:wear] AndroidManifest.xml:11:5-68
42-->[:wear] AndroidManifest.xml:11:22-65
43    <uses-permission android:name="android.permission.ACCESS_NETWORK_STATE" />
43-->[com.google.android.gms:play-services-maps:18.1.0] AndroidManifest.xml:23:5-79
43-->[com.google.android.gms:play-services-maps:18.1.0] AndroidManifest.xml:23:22-76
44
45    <uses-feature
45-->[com.google.android.gms:play-services-maps:18.1.0] AndroidManifest.xml:26:5-28:35
46        android:glEsVersion="0x00020000"
46-->[com.google.android.gms:play-services-maps:18.1.0] AndroidManifest.xml:27:9-41
47        android:required="true" /> <!-- for android -->
47-->[com.google.android.gms:play-services-maps:18.1.0] AndroidManifest.xml:28:9-32
48    <!-- <uses-permission android:name="com.android.launcher.permission.READ_SETTINGS"/> -->
49    <!-- <uses-permission android:name="com.android.launcher.permission.WRITE_SETTINGS"/> -->
50    <!-- <uses-permission android:name="com.android.launcher.permission.INSTALL_SHORTCUT" /> -->
51    <!-- <uses-permission android:name="com.android.launcher.permission.UNINSTALL_SHORTCUT" /> -->
52    <!-- for Samsung -->
53    <uses-permission android:name="com.sec.android.provider.badge.permission.READ" />
53-->[me.leolin:ShortcutBadger:1.1.22] AndroidManifest.xml:19:5-86
53-->[me.leolin:ShortcutBadger:1.1.22] AndroidManifest.xml:19:22-83
54    <uses-permission android:name="com.sec.android.provider.badge.permission.WRITE" /> <!-- for htc -->
54-->[me.leolin:ShortcutBadger:1.1.22] AndroidManifest.xml:20:5-87
54-->[me.leolin:ShortcutBadger:1.1.22] AndroidManifest.xml:20:22-84
55    <uses-permission android:name="com.htc.launcher.permission.READ_SETTINGS" />
55-->[me.leolin:ShortcutBadger:1.1.22] AndroidManifest.xml:23:5-81
55-->[me.leolin:ShortcutBadger:1.1.22] AndroidManifest.xml:23:22-78
56    <uses-permission android:name="com.htc.launcher.permission.UPDATE_SHORTCUT" /> <!-- for sony -->
56-->[me.leolin:ShortcutBadger:1.1.22] AndroidManifest.xml:24:5-83
56-->[me.leolin:ShortcutBadger:1.1.22] AndroidManifest.xml:24:22-80
57    <uses-permission android:name="com.sonyericsson.home.permission.BROADCAST_BADGE" />
57-->[me.leolin:ShortcutBadger:1.1.22] AndroidManifest.xml:27:5-88
57-->[me.leolin:ShortcutBadger:1.1.22] AndroidManifest.xml:27:22-85
58    <uses-permission android:name="com.sonymobile.home.permission.PROVIDER_INSERT_BADGE" /> <!-- for apex -->
58-->[me.leolin:ShortcutBadger:1.1.22] AndroidManifest.xml:28:5-92
58-->[me.leolin:ShortcutBadger:1.1.22] AndroidManifest.xml:28:22-89
59    <uses-permission android:name="com.anddoes.launcher.permission.UPDATE_COUNT" /> <!-- for solid -->
59-->[me.leolin:ShortcutBadger:1.1.22] AndroidManifest.xml:31:5-84
59-->[me.leolin:ShortcutBadger:1.1.22] AndroidManifest.xml:31:22-81
60    <uses-permission android:name="com.majeur.launcher.permission.UPDATE_BADGE" /> <!-- for huawei -->
60-->[me.leolin:ShortcutBadger:1.1.22] AndroidManifest.xml:34:5-83
60-->[me.leolin:ShortcutBadger:1.1.22] AndroidManifest.xml:34:22-80
61    <uses-permission android:name="com.huawei.android.launcher.permission.CHANGE_BADGE" />
61-->[me.leolin:ShortcutBadger:1.1.22] AndroidManifest.xml:37:5-91
61-->[me.leolin:ShortcutBadger:1.1.22] AndroidManifest.xml:37:22-88
62    <uses-permission android:name="com.huawei.android.launcher.permission.READ_SETTINGS" />
62-->[me.leolin:ShortcutBadger:1.1.22] AndroidManifest.xml:38:5-92
62-->[me.leolin:ShortcutBadger:1.1.22] AndroidManifest.xml:38:22-89
63    <uses-permission android:name="com.huawei.android.launcher.permission.WRITE_SETTINGS" /> <!-- for ZUK -->
63-->[me.leolin:ShortcutBadger:1.1.22] AndroidManifest.xml:39:5-93
63-->[me.leolin:ShortcutBadger:1.1.22] AndroidManifest.xml:39:22-90
64    <uses-permission android:name="android.permission.READ_APP_BADGE" /> <!-- for OPPO -->
64-->[me.leolin:ShortcutBadger:1.1.22] AndroidManifest.xml:42:5-73
64-->[me.leolin:ShortcutBadger:1.1.22] AndroidManifest.xml:42:22-70
65    <uses-permission android:name="com.oppo.launcher.permission.READ_SETTINGS" />
65-->[me.leolin:ShortcutBadger:1.1.22] AndroidManifest.xml:45:5-82
65-->[me.leolin:ShortcutBadger:1.1.22] AndroidManifest.xml:45:22-79
66    <uses-permission android:name="com.oppo.launcher.permission.WRITE_SETTINGS" /> <!-- for EvMe -->
66-->[me.leolin:ShortcutBadger:1.1.22] AndroidManifest.xml:46:5-83
66-->[me.leolin:ShortcutBadger:1.1.22] AndroidManifest.xml:46:22-80
67    <uses-permission android:name="me.everything.badger.permission.BADGE_COUNT_READ" />
67-->[me.leolin:ShortcutBadger:1.1.22] AndroidManifest.xml:49:5-88
67-->[me.leolin:ShortcutBadger:1.1.22] AndroidManifest.xml:49:22-85
68    <uses-permission android:name="me.everything.badger.permission.BADGE_COUNT_WRITE" />
68-->[me.leolin:ShortcutBadger:1.1.22] AndroidManifest.xml:50:5-89
68-->[me.leolin:ShortcutBadger:1.1.22] AndroidManifest.xml:50:22-86
69
70    <application
70-->src\main\AndroidManifest.xml:10:4-52:19
71        android:appComponentFactory="androidx.core.app.CoreComponentFactory"
71-->[androidx.core:core:1.8.0] AndroidManifest.xml:24:18-86
72        android:debuggable="true"
73        android:extractNativeLibs="false"
74        android:icon="@mipmap/launcher_icon"
74-->src\main\AndroidManifest.xml:13:9-45
75        android:label="pasell"
75-->src\main\AndroidManifest.xml:11:9-31
76        android:usesCleartextTraffic="true" >
76-->src\main\AndroidManifest.xml:12:9-44
77        <meta-data
77-->src\main\AndroidManifest.xml:14:9-16:71
78            android:name="com.google.android.geo.API_KEY"
78-->src\main\AndroidManifest.xml:15:13-58
79            android:value="AIzaSyBA7rHSFp_KbQU_gcAyVuQD5i0d3e06WoAs" />
79-->src\main\AndroidManifest.xml:16:13-69
80
81        <activity
81-->src\main\AndroidManifest.xml:17:9-46:20
82            android:name="com.teamparticles.pasell.MainActivity"
82-->src\main\AndroidManifest.xml:18:13-41
83            android:configChanges="orientation|keyboardHidden|keyboard|screenSize|smallestScreenSize|locale|layoutDirection|fontScale|screenLayout|density|uiMode"
83-->src\main\AndroidManifest.xml:22:13-163
84            android:exported="true"
84-->src\main\AndroidManifest.xml:19:13-36
85            android:hardwareAccelerated="true"
85-->src\main\AndroidManifest.xml:23:13-47
86            android:launchMode="singleTop"
86-->src\main\AndroidManifest.xml:20:13-43
87            android:theme="@style/LaunchTheme"
87-->src\main\AndroidManifest.xml:21:13-47
88            android:windowSoftInputMode="adjustResize" >
88-->src\main\AndroidManifest.xml:24:13-55
89
90            <!--
91                 Specifies an Android theme to apply to this Activity as soon as
92                 the Android process has started. This theme is visible to the user
93                 while the Flutter UI initializes. After that, this theme continues
94                 to determine the Window background behind the Flutter UI.
95            -->
96            <meta-data
96-->src\main\AndroidManifest.xml:29:13-32:17
97                android:name="io.flutter.embedding.android.NormalTheme"
97-->src\main\AndroidManifest.xml:30:15-70
98                android:resource="@style/NormalTheme" />
98-->src\main\AndroidManifest.xml:31:15-52
99            <!--
100                 Displays an Android View that continues showing the launch screen
101                 Drawable until Flutter paints its first frame, then this splash
102                 screen fades out. A splash screen is useful to avoid any visual
103                 gap between the end of Android's launch screen and the painting of
104                 Flutter's first frame.
105            -->
106            <meta-data
106-->src\main\AndroidManifest.xml:38:13-41:17
107                android:name="io.flutter.embedding.android.SplashScreenDrawable"
107-->src\main\AndroidManifest.xml:39:15-79
108                android:resource="@drawable/launch_background" />
108-->src\main\AndroidManifest.xml:40:15-61
109
110            <intent-filter>
110-->src\main\AndroidManifest.xml:42:13-45:29
111                <action android:name="android.intent.action.MAIN" />
111-->src\main\AndroidManifest.xml:43:17-68
111-->src\main\AndroidManifest.xml:43:25-66
112
113                <category android:name="android.intent.category.LAUNCHER" />
113-->src\main\AndroidManifest.xml:44:17-76
113-->src\main\AndroidManifest.xml:44:27-74
114            </intent-filter>
115        </activity>
116        <!--
117             Don't delete the meta-data below.
118             This is used by the Flutter tool to generate GeneratedPluginRegistrant.java
119        -->
120        <meta-data
120-->src\main\AndroidManifest.xml:49:9-51:33
121            android:name="flutterEmbedding"
121-->src\main\AndroidManifest.xml:50:13-44
122            android:value="2" />
122-->src\main\AndroidManifest.xml:51:13-30
123
124        <provider
124-->[:image_picker_android] AndroidManifest.xml:8:9-16:20
125            android:name="io.flutter.plugins.imagepicker.ImagePickerFileProvider"
125-->[:image_picker_android] AndroidManifest.xml:9:13-82
126            android:authorities="com.teamparticles.pasell.flutter.image_provider"
126-->[:image_picker_android] AndroidManifest.xml:10:13-74
127            android:exported="false"
127-->[:image_picker_android] AndroidManifest.xml:11:13-37
128            android:grantUriPermissions="true" >
128-->[:image_picker_android] AndroidManifest.xml:12:13-47
129            <meta-data
129-->[:image_picker_android] AndroidManifest.xml:13:13-15:75
130                android:name="android.support.FILE_PROVIDER_PATHS"
130-->[:image_picker_android] AndroidManifest.xml:14:17-67
131                android:resource="@xml/flutter_image_picker_file_paths" />
131-->[:image_picker_android] AndroidManifest.xml:15:17-72
132        </provider>
133
134        <receiver
134-->[:awesome_notifications] AndroidManifest.xml:11:9-13:40
135            android:name="me.carda.awesome_notifications.notifications.broadcastReceivers.DismissedNotificationReceiver"
135-->[:awesome_notifications] AndroidManifest.xml:12:13-121
136            android:exported="false" />
136-->[:awesome_notifications] AndroidManifest.xml:13:13-37
137        <receiver
137-->[:awesome_notifications] AndroidManifest.xml:14:9-16:40
138            android:name="me.carda.awesome_notifications.notifications.broadcastReceivers.ScheduledNotificationReceiver"
138-->[:awesome_notifications] AndroidManifest.xml:15:13-121
139            android:exported="false" />
139-->[:awesome_notifications] AndroidManifest.xml:16:13-37
140        <receiver
140-->[:awesome_notifications] AndroidManifest.xml:17:9-19:40
141            android:name="me.carda.awesome_notifications.notifications.broadcastReceivers.KeepOnTopActionReceiver"
141-->[:awesome_notifications] AndroidManifest.xml:18:13-115
142            android:exported="false" />
142-->[:awesome_notifications] AndroidManifest.xml:19:13-37
143        <receiver
143-->[:awesome_notifications] AndroidManifest.xml:20:9-33:20
144            android:name="me.carda.awesome_notifications.notifications.broadcastReceivers.RefreshSchedulesReceiver"
144-->[:awesome_notifications] AndroidManifest.xml:21:13-116
145            android:exported="false" >
145-->[:awesome_notifications] AndroidManifest.xml:22:13-37
146            <intent-filter>
146-->[:awesome_notifications] AndroidManifest.xml:23:13-32:29
147                <category android:name="android.intent.category.DEFAULT" />
147-->[:awesome_notifications] AndroidManifest.xml:24:17-76
147-->[:awesome_notifications] AndroidManifest.xml:24:27-73
148
149                <action android:name="android.intent.action.BOOT_COMPLETED" />
149-->[:awesome_notifications] AndroidManifest.xml:26:17-79
149-->[:awesome_notifications] AndroidManifest.xml:26:25-76
150                <action android:name="android.intent.action.LOCKED_BOOT_COMPLETED" />
150-->[:awesome_notifications] AndroidManifest.xml:27:17-86
150-->[:awesome_notifications] AndroidManifest.xml:27:25-83
151                <action android:name="android.intent.action.MY_PACKAGE_REPLACED" />
151-->[:awesome_notifications] AndroidManifest.xml:28:17-84
151-->[:awesome_notifications] AndroidManifest.xml:28:25-81
152                <action android:name="android.intent.action.QUICKBOOT_POWERON" />
152-->[:awesome_notifications] AndroidManifest.xml:29:17-82
152-->[:awesome_notifications] AndroidManifest.xml:29:25-79
153                <action android:name="com.htc.intent.action.QUICKBOOT_POWERON" />
153-->[:awesome_notifications] AndroidManifest.xml:30:17-82
153-->[:awesome_notifications] AndroidManifest.xml:30:25-79
154                <action android:name="android.app.action.SCHEDULE_EXACT_ALARM_PERMISSION_STATE_CHANGED" />
154-->[:awesome_notifications] AndroidManifest.xml:31:17-107
154-->[:awesome_notifications] AndroidManifest.xml:31:25-104
155            </intent-filter>
156        </receiver>
157        <receiver
157-->[:flutter_local_notifications] AndroidManifest.xml:14:9-16:40
158            android:name="com.dexterous.flutterlocalnotifications.ActionBroadcastReceiver"
158-->[:flutter_local_notifications] AndroidManifest.xml:15:13-91
159            android:exported="false" />
159-->[:flutter_local_notifications] AndroidManifest.xml:16:13-37
160        <receiver
160-->[:flutter_local_notifications] AndroidManifest.xml:17:9-19:40
161            android:name="com.dexterous.flutterlocalnotifications.ScheduledNotificationReceiver"
161-->[:flutter_local_notifications] AndroidManifest.xml:18:13-97
162            android:exported="false" />
162-->[:flutter_local_notifications] AndroidManifest.xml:19:13-37
163        <receiver
163-->[:flutter_local_notifications] AndroidManifest.xml:20:9-29:20
164            android:name="com.dexterous.flutterlocalnotifications.ScheduledNotificationBootReceiver"
164-->[:flutter_local_notifications] AndroidManifest.xml:21:13-101
165            android:exported="false" >
165-->[:flutter_local_notifications] AndroidManifest.xml:22:13-37
166            <intent-filter>
166-->[:flutter_local_notifications] AndroidManifest.xml:23:13-28:29
167                <action android:name="android.intent.action.BOOT_COMPLETED" />
167-->[:awesome_notifications] AndroidManifest.xml:26:17-79
167-->[:awesome_notifications] AndroidManifest.xml:26:25-76
168                <action android:name="android.intent.action.MY_PACKAGE_REPLACED" />
168-->[:awesome_notifications] AndroidManifest.xml:28:17-84
168-->[:awesome_notifications] AndroidManifest.xml:28:25-81
169                <action android:name="android.intent.action.QUICKBOOT_POWERON" />
169-->[:awesome_notifications] AndroidManifest.xml:29:17-82
169-->[:awesome_notifications] AndroidManifest.xml:29:25-79
170                <action android:name="com.htc.intent.action.QUICKBOOT_POWERON" />
170-->[:awesome_notifications] AndroidManifest.xml:30:17-82
170-->[:awesome_notifications] AndroidManifest.xml:30:25-79
171            </intent-filter>
172        </receiver>
173
174        <meta-data
174-->[:wear] AndroidManifest.xml:15:9-17:36
175            android:name="com.google.android.wearable.standalone"
175-->[:wear] AndroidManifest.xml:16:13-66
176            android:value="true" />
176-->[:wear] AndroidManifest.xml:17:13-33
177
178        <activity
178-->[com.stripe:financial-connections:20.4.0] AndroidManifest.xml:23:9-42:20
179            android:name="com.stripe.android.financialconnections.FinancialConnectionsSheetRedirectActivity"
179-->[com.stripe:financial-connections:20.4.0] AndroidManifest.xml:24:13-109
180            android:exported="true" >
180-->[com.stripe:financial-connections:20.4.0] AndroidManifest.xml:25:13-36
181            <intent-filter>
181-->[com.stripe:financial-connections:20.4.0] AndroidManifest.xml:26:13-41:29
182                <action android:name="android.intent.action.VIEW" />
182-->[com.stripe:financial-connections:20.4.0] AndroidManifest.xml:16:13-65
182-->[com.stripe:financial-connections:20.4.0] AndroidManifest.xml:16:21-62
183
184                <category android:name="android.intent.category.DEFAULT" />
184-->[:awesome_notifications] AndroidManifest.xml:24:17-76
184-->[:awesome_notifications] AndroidManifest.xml:24:27-73
185                <category android:name="android.intent.category.BROWSABLE" />
185-->[com.stripe:financial-connections:20.4.0] AndroidManifest.xml:30:17-78
185-->[com.stripe:financial-connections:20.4.0] AndroidManifest.xml:30:27-75
186
187                <!-- Accepts success and cancel URIs that begin with "stripe-auth://link-accounts” -->
188                <data
188-->[com.stripe:financial-connections:20.4.0] AndroidManifest.xml:18:13-43
189                    android:host="link-accounts"
190                    android:path="/com.teamparticles.pasell/success"
191                    android:scheme="stripe-auth" />
191-->[com.stripe:financial-connections:20.4.0] AndroidManifest.xml:18:19-40
192                <data
192-->[com.stripe:financial-connections:20.4.0] AndroidManifest.xml:18:13-43
193                    android:host="link-accounts"
194                    android:path="/com.teamparticles.pasell/cancel"
195                    android:scheme="stripe-auth" />
195-->[com.stripe:financial-connections:20.4.0] AndroidManifest.xml:18:19-40
196            </intent-filter>
197        </activity>
198        <activity
198-->[com.stripe:financial-connections:20.4.0] AndroidManifest.xml:43:9-46:57
199            android:name="com.stripe.android.financialconnections.FinancialConnectionsSheetActivity"
199-->[com.stripe:financial-connections:20.4.0] AndroidManifest.xml:44:13-101
200            android:exported="false"
200-->[com.stripe:financial-connections:20.4.0] AndroidManifest.xml:45:13-37
201            android:theme="@style/StripeDefaultTheme" />
201-->[com.stripe:financial-connections:20.4.0] AndroidManifest.xml:46:13-54
202        <activity
202-->[com.stripe:paymentsheet:20.4.0] AndroidManifest.xml:10:9-13:69
203            android:name="com.stripe.android.paymentsheet.PaymentSheetActivity"
203-->[com.stripe:paymentsheet:20.4.0] AndroidManifest.xml:11:13-80
204            android:exported="false"
204-->[com.stripe:paymentsheet:20.4.0] AndroidManifest.xml:12:13-37
205            android:theme="@style/StripePaymentSheetDefaultTheme" />
205-->[com.stripe:paymentsheet:20.4.0] AndroidManifest.xml:13:13-66
206        <activity
206-->[com.stripe:paymentsheet:20.4.0] AndroidManifest.xml:14:9-17:69
207            android:name="com.stripe.android.paymentsheet.PaymentOptionsActivity"
207-->[com.stripe:paymentsheet:20.4.0] AndroidManifest.xml:15:13-82
208            android:exported="false"
208-->[com.stripe:paymentsheet:20.4.0] AndroidManifest.xml:16:13-37
209            android:theme="@style/StripePaymentSheetDefaultTheme" />
209-->[com.stripe:paymentsheet:20.4.0] AndroidManifest.xml:17:13-66
210        <activity
210-->[com.stripe:link:20.4.0] AndroidManifest.xml:10:9-13:44
211            android:name="com.stripe.android.link.LinkActivity"
211-->[com.stripe:link:20.4.0] AndroidManifest.xml:11:13-64
212            android:exported="false"
212-->[com.stripe:link:20.4.0] AndroidManifest.xml:12:13-37
213            android:label="@string/link" />
213-->[com.stripe:link:20.4.0] AndroidManifest.xml:13:13-41
214        <activity
214-->[com.stripe:payments-ui-core:20.4.0] AndroidManifest.xml:10:9-13:69
215            android:name="com.stripe.android.ui.core.cardscan.CardScanActivity"
215-->[com.stripe:payments-ui-core:20.4.0] AndroidManifest.xml:11:13-80
216            android:exported="false"
216-->[com.stripe:payments-ui-core:20.4.0] AndroidManifest.xml:12:13-37
217            android:theme="@style/StripePaymentSheetDefaultTheme" />
217-->[com.stripe:payments-ui-core:20.4.0] AndroidManifest.xml:13:13-66
218        <activity
218-->[com.stripe:payments-core:20.4.0] AndroidManifest.xml:17:9-20:57
219            android:name="com.stripe.android.view.AddPaymentMethodActivity"
219-->[com.stripe:payments-core:20.4.0] AndroidManifest.xml:18:13-76
220            android:exported="false"
220-->[com.stripe:payments-core:20.4.0] AndroidManifest.xml:19:13-37
221            android:theme="@style/StripeDefaultTheme" />
221-->[com.stripe:payments-core:20.4.0] AndroidManifest.xml:20:13-54
222        <activity
222-->[com.stripe:payments-core:20.4.0] AndroidManifest.xml:21:9-24:57
223            android:name="com.stripe.android.view.PaymentMethodsActivity"
223-->[com.stripe:payments-core:20.4.0] AndroidManifest.xml:22:13-74
224            android:exported="false"
224-->[com.stripe:payments-core:20.4.0] AndroidManifest.xml:23:13-37
225            android:theme="@style/StripeDefaultTheme" />
225-->[com.stripe:payments-core:20.4.0] AndroidManifest.xml:24:13-54
226        <activity
226-->[com.stripe:payments-core:20.4.0] AndroidManifest.xml:25:9-28:57
227            android:name="com.stripe.android.view.PaymentFlowActivity"
227-->[com.stripe:payments-core:20.4.0] AndroidManifest.xml:26:13-71
228            android:exported="false"
228-->[com.stripe:payments-core:20.4.0] AndroidManifest.xml:27:13-37
229            android:theme="@style/StripeDefaultTheme" />
229-->[com.stripe:payments-core:20.4.0] AndroidManifest.xml:28:13-54
230        <activity
230-->[com.stripe:payments-core:20.4.0] AndroidManifest.xml:29:9-33:58
231            android:name="com.stripe.android.view.PaymentAuthWebViewActivity"
231-->[com.stripe:payments-core:20.4.0] AndroidManifest.xml:30:13-78
232            android:exported="false"
232-->[com.stripe:payments-core:20.4.0] AndroidManifest.xml:31:13-37
233            android:theme="@style/StripeDefaultTheme"
233-->[com.stripe:payments-core:20.4.0] AndroidManifest.xml:32:13-54
234            android:windowSoftInputMode="adjustResize" />
234-->[com.stripe:payments-core:20.4.0] AndroidManifest.xml:33:13-55
235        <activity
235-->[com.stripe:payments-core:20.4.0] AndroidManifest.xml:34:9-37:61
236            android:name="com.stripe.android.view.PaymentRelayActivity"
236-->[com.stripe:payments-core:20.4.0] AndroidManifest.xml:35:13-72
237            android:exported="false"
237-->[com.stripe:payments-core:20.4.0] AndroidManifest.xml:36:13-37
238            android:theme="@style/StripeTransparentTheme" />
238-->[com.stripe:payments-core:20.4.0] AndroidManifest.xml:37:13-58
239        <!--
240        Set android:launchMode="singleTop" so that the StripeBrowserLauncherActivity instance that
241        launched the browser Activity will also handle the return URL deep link.
242        -->
243        <activity
243-->[com.stripe:payments-core:20.4.0] AndroidManifest.xml:43:9-47:61
244            android:name="com.stripe.android.payments.StripeBrowserLauncherActivity"
244-->[com.stripe:payments-core:20.4.0] AndroidManifest.xml:44:13-85
245            android:exported="false"
245-->[com.stripe:payments-core:20.4.0] AndroidManifest.xml:45:13-37
246            android:launchMode="singleTask"
246-->[com.stripe:payments-core:20.4.0] AndroidManifest.xml:46:13-44
247            android:theme="@style/StripeTransparentTheme" />
247-->[com.stripe:payments-core:20.4.0] AndroidManifest.xml:47:13-58
248        <activity
248-->[com.stripe:payments-core:20.4.0] AndroidManifest.xml:48:9-65:20
249            android:name="com.stripe.android.payments.StripeBrowserProxyReturnActivity"
249-->[com.stripe:payments-core:20.4.0] AndroidManifest.xml:49:13-88
250            android:exported="true"
250-->[com.stripe:payments-core:20.4.0] AndroidManifest.xml:50:13-36
251            android:launchMode="singleTask"
251-->[com.stripe:payments-core:20.4.0] AndroidManifest.xml:51:13-44
252            android:theme="@style/StripeTransparentTheme" >
252-->[com.stripe:payments-core:20.4.0] AndroidManifest.xml:52:13-58
253            <intent-filter>
253-->[com.stripe:payments-core:20.4.0] AndroidManifest.xml:53:13-64:29
254                <action android:name="android.intent.action.VIEW" />
254-->[com.stripe:financial-connections:20.4.0] AndroidManifest.xml:16:13-65
254-->[com.stripe:financial-connections:20.4.0] AndroidManifest.xml:16:21-62
255
256                <category android:name="android.intent.category.DEFAULT" />
256-->[:awesome_notifications] AndroidManifest.xml:24:17-76
256-->[:awesome_notifications] AndroidManifest.xml:24:27-73
257                <category android:name="android.intent.category.BROWSABLE" />
257-->[com.stripe:financial-connections:20.4.0] AndroidManifest.xml:30:17-78
257-->[com.stripe:financial-connections:20.4.0] AndroidManifest.xml:30:27-75
258
259                <!-- Must match `DefaultReturnUrl#value`. -->
260                <data
260-->[com.stripe:financial-connections:20.4.0] AndroidManifest.xml:18:13-43
261                    android:host="payment_return_url"
262                    android:path="/com.teamparticles.pasell"
263                    android:scheme="stripesdk" />
263-->[com.stripe:financial-connections:20.4.0] AndroidManifest.xml:18:19-40
264            </intent-filter>
265        </activity>
266        <activity
266-->[com.stripe:payments-core:20.4.0] AndroidManifest.xml:66:9-69:57
267            android:name="com.stripe.android.payments.core.authentication.threeds2.Stripe3ds2TransactionActivity"
267-->[com.stripe:payments-core:20.4.0] AndroidManifest.xml:67:13-114
268            android:exported="false"
268-->[com.stripe:payments-core:20.4.0] AndroidManifest.xml:68:13-37
269            android:theme="@style/StripeDefaultTheme" />
269-->[com.stripe:payments-core:20.4.0] AndroidManifest.xml:69:13-54
270        <activity